{
  "stats": {
    "suites": 1,
    "tests": 1,
    "passes": 1,
    "pending": 0,
    "failures": 0,
    "start": "2023-01-01T20:27:27.512Z",
    "end": "2023-01-01T20:27:36.935Z",
    "duration": 9423,
    "testsRegistered": 1,
    "passPercent": 100,
    "pendingPercent": 0,
    "other": 0,
    "hasOther": false,
    "skipped": 0,
    "hasSkipped": false
  },
  "results": [
    {
      "uuid": "820555c3-1942-4a09-812f-bb696bbcbb13",
      "title": "",
      "fullFile": "cypress/e2e/Tests/BDD/features/ecommerce.feature",
      "file": "cypress/e2e/Tests/BDD/features/ecommerce.feature",
      "beforeHooks": [],
      "afterHooks": [],
      "tests": [],
      "suites": [
        {
          "uuid": "b44e7ce9-241e-4ff3-9356-b1d566cba771",
          "title": "End to End Ecommerce validatipon",
          "fullFile": "",
          "file": "",
          "beforeHooks": [],
          "afterHooks": [],
          "tests": [
            {
              "title": "Ecommerce product delivery",
              "fullTitle": "End to End Ecommerce validatipon Ecommerce product delivery",
              "timedOut": null,
              "duration": 7721,
              "state": "passed",
              "speed": "medium",
              "pass": true,
              "fail": false,
              "pending": false,
              "context": null,
              "code": "const state = window.testState;\nreturn cy\n  .then(() => state.onStartScenario(scenario, indexedSteps))\n  .then(() =>\n    resolveAndRunBeforeHooks.call(this, scenario.tags, state.feature.name)\n  )\n  .then(() =>\n    indexedSteps.forEach((step) =>\n      stepTest.call(this, state, step, rowData)\n    )\n  )\n  .then(() => state.onFinishScenario(scenario));",
              "err": {},
              "uuid": "c970d6f0-dfee-414f-9f9d-f5215b3782b4",
              "parentUUID": "b44e7ce9-241e-4ff3-9356-b1d566cba771",
              "isHook": false,
              "skipped": false
            }
          ],
          "suites": [],
          "passes": [
            "c970d6f0-dfee-414f-9f9d-f5215b3782b4"
          ],
          "failures": [],
          "pending": [],
          "skipped": [],
          "duration": 7721,
          "root": false,
          "rootEmpty": false,
          "_timeout": 2000
        }
      ],
      "passes": [],
      "failures": [],
      "pending": [],
      "skipped": [],
      "duration": 0,
      "root": true,
      "rootEmpty": true,
      "_timeout": 2000
    }
  ],
  "meta": {
    "mocha": {
      "version": "7.0.1"
    },
    "mochawesome": {
      "options": {
        "quiet": false,
        "reportFilename": "mochawesome",
        "saveHtml": true,
        "saveJson": true,
        "consoleReporter": "spec",
        "useInlineDiffs": false,
        "code": true
      },
      "version": "7.1.3"
    },
    "marge": {
      "options": null,
      "version": "6.2.0"
    }
  }
}